0.123264 56
0.078576 1
0.821476 1
0.136178 2
0.232009 66
0.002876 2
0.000019 56
0.000758 1
1.284215 1
0.128493 1
0.271440 1
0.119679 2
0.392762 44
0.001704 56
0.000502 1
0.533504 1
0.111929 1
0.191944 1
0.223927 1
0.503956 1
0.168053 4
1.392170 4
0.183847 1
2.824114 1
0.143719 1
0.255726 1
0.160469 1
0.864234 1
0.335983 4
1.151885 4
0.183999 1
0.838571 1
0.303970 1
0.184008 2
0.360224 31
0.000609 56
0.000163 11
1.536448 1
1.128060 1
0.247773 9
0.448634 9
0.151978 9
0.167640 7
0.152249 9
0.159710 2
0.256455 2350
0.002019 56
0.000380 1
4.645121 1
0.271836 1
0.175584 1
0.152303 8
